<?xml version="1.0" encoding="UTF-8"?>
<!-- Generated by org.testng.reporters.JUnitReportReporter -->
<testsuite skipped="0" hostname="LAPTOP-AG6F347P" name="com.class1.TestNgDemo2" tests="1" failures="0" timestamp="2020-01-13T20:14:20 EST" time="0.004" errors="0">
  <testcase name="ActualTest" time="0.004" classname="com.class1.TestNgDemo2"/>
</testsuite> <!-- com.class1.TestNgDemo2 -->
