<?xml version="1.0" encoding="UTF-8"?>
<!-- Generated by org.testng.reporters.JUnitReportReporter -->
<testsuite skipped="0" hostname="LAPTOP-AG6F347P" name="com.class4.ListenerDemoJava" tests="3" failures="0" timestamp="2020-01-17T18:52:28 EST" time="0.011" errors="0">
  <testcase name="test2" time="0.001" classname="com.class4.ListenerDemoJava"/>
  <testcase name="test1" time="0.009" classname="com.class4.ListenerDemoJava"/>
  <testcase name="test3" time="0.001" classname="com.class4.ListenerDemoJava"/>
</testsuite> <!-- com.class4.ListenerDemoJava -->
