<?xml version="1.0" encoding="UTF-8"?>
<!-- Generated by org.testng.reporters.JUnitReportReporter -->
<testsuite skipped="0" hostname="LAPTOP-AG6F347P" name="com.class3.Groups" tests="2" failures="0" timestamp="2020-01-17T13:35:30 EST" time="10.265" errors="0">
  <testcase name="titleValidation" time="4.376" classname="com.class3.Groups"/>
  <testcase name="validLogin" time="5.889" classname="com.class3.Groups"/>
</testsuite> <!-- com.class3.Groups -->
