<?xml version="1.0" encoding="UTF-8"?>
<!-- Generated by org.testng.reporters.JUnitReportReporter -->
<testsuite skipped="0" hostname="LAPTOP-AG6F347P" name="com.class1.TitleLogoAndLoginVerification" tests="1" failures="0" timestamp="2020-01-17T13:30:22 EST" time="5.901" errors="0">
  <testcase name="validLogin" time="5.901" classname="com.class1.TitleLogoAndLoginVerification"/>
</testsuite> <!-- com.class1.TitleLogoAndLoginVerification -->
