<?xml version="1.0" encoding="UTF-8"?>
<!-- Generated by org.testng.reporters.JUnitReportReporter -->
<testsuite skipped="0" hostname="LAPTOP-AG6F347P" name="com.class1.DifferentAnnotations" tests="1" failures="0" timestamp="2020-01-17T12:50:16 EST" time="0.006" errors="0">
  <testcase name="test" time="0.006" classname="com.class1.DifferentAnnotations"/>
</testsuite> <!-- com.class1.DifferentAnnotations -->
