<?xml version="1.0" encoding="UTF-8"?>
<!-- Generated by org.testng.reporters.JUnitReportReporter -->
<testsuite skipped="0" hostname="LAPTOP-AG6F347P" name="com.class2.HW2" tests="1" failures="0" timestamp="2020-01-14T16:43:59 EST" time="5.756" errors="0">
  <testcase name="negativeTest" time="5.756" classname="com.class2.HW2"/>
</testsuite> <!-- com.class2.HW2 -->
