<?xml version="1.0" encoding="UTF-8"?>
<!-- Generated by org.testng.reporters.JUnitReportReporter -->
<testsuite skipped="0" hostname="LAPTOP-AG6F347P" name="com.class3.AlwaysRun" tests="2" failures="0" timestamp="2020-01-17T13:11:44 EST" time="0.005" errors="0">
  <testcase name="testMethod1" time="0.001" classname="com.class3.AlwaysRun"/>
  <testcase name="testMethod" time="0.004" classname="com.class3.AlwaysRun"/>
</testsuite> <!-- com.class3.AlwaysRun -->
