<?xml version="1.0" encoding="UTF-8"?>
<!-- Generated by org.testng.reporters.JUnitReportReporter -->
<testsuite skipped="0" hostname="LAPTOP-AG6F347P" name="com.class1.TestNgTask" tests="3" failures="0" timestamp="2020-01-17T12:12:53 EST" time="0.009" errors="0">
  <testcase name="TestThree" time="0.001" classname="com.class1.TestNgTask"/>
  <testcase name="TestOne" time="0.008" classname="com.class1.TestNgTask"/>
  <testcase name="TestTwo" time="0.000" classname="com.class1.TestNgTask"/>
</testsuite> <!-- com.class1.TestNgTask -->
