<?xml version="1.0" encoding="UTF-8"?>
<!-- Generated by org.testng.reporters.JUnitReportReporter -->
<testsuite skipped="0" hostname="LAPTOP-AG6F347P" name="com.class1.HW" tests="2" failures="0" timestamp="2020-01-19T23:30:23 EST" time="13.176" errors="0">
  <testcase name="validationOfmessage" time="4.563" classname="com.class1.HW"/>
  <testcase name="verifyLogo" time="8.613" classname="com.class1.HW"/>
</testsuite> <!-- com.class1.HW -->
