<?xml version="1.0" encoding="UTF-8"?>
<!-- Generated by org.testng.reporters.JUnitReportReporter -->
<testsuite skipped="0" hostname="LAPTOP-AG6F347P" name="com.class1.TestNGDemo" tests="3" failures="0" timestamp="2020-01-15T17:09:53 EST" time="0.004" errors="0">
  <testcase name="testOne" time="0.003" classname="com.class1.TestNGDemo"/>
  <testcase name="testThree" time="0.001" classname="com.class1.TestNGDemo"/>
  <testcase name="testTwo" time="0.000" classname="com.class1.TestNGDemo"/>
</testsuite> <!-- com.class1.TestNGDemo -->
